Determining if the pthread_create exist failed with the following output:
Change Dir: /udacity/ros/build/CMakeFiles/CMakeTmp

Run Build Command:"/usr/bin/make" "cmTC_34995/fast"
make: Warning: File 'Makefile' has modification time 0.088 s in the future
/usr/bin/make -f CMakeFiles/cmTC_34995.dir/build.make CMakeFiles/cmTC_34995.dir/build
make[1]: Entering directory '/udacity/ros/build/CMakeFiles/CMakeTmp'
make[1]: Warning: File 'CMakeFiles/cmTC_34995.dir/flags.make' has modification time 0.075 s in the future
Building C object CMakeFiles/cmTC_34995.dir/CheckSymbolExists.c.o
/usr/bin/cc     -o CMakeFiles/cmTC_34995.dir/CheckSymbolExists.c.o   -c /udacity/ros/build/CMakeFiles/CMakeTmp/CheckSymbolExists.c
Linking C executable cmTC_34995
/usr/bin/cmake -E cmake_link_script CMakeFiles/cmTC_34995.dir/link.txt --verbose=1
/usr/bin/cc       CMakeFiles/cmTC_34995.dir/CheckSymbolExists.c.o  -o cmTC_34995 -rdynamic 
CMakeFiles/cmTC_34995.dir/CheckSymbolExists.c.o: In function `main':
CheckSymbolExists.c:(.text+0x16): undefined reference to `pthread_create'
collect2: error: ld returned 1 exit status
CMakeFiles/cmTC_34995.dir/build.make:97: recipe for target 'cmTC_34995' failed
make[1]: *** [cmTC_34995] Error 1
make[1]: Leaving directory '/udacity/ros/build/CMakeFiles/CMakeTmp'
Makefile:126: recipe for target 'cmTC_34995/fast' failed
make: *** [cmTC_34995/fast] Error 2

File /udacity/ros/build/CMakeFiles/CMakeTmp/CheckSymbolExists.c:
/* */
#include <pthread.h>

int main(int argc, char** argv)
{
  (void)argv;
#ifndef pthread_create
  return ((int*)(&pthread_create))[argc];
#else
  (void)argc;
  return 0;
#endif
}

Determining if the function pthread_create exists in the pthreads failed with the following output:
Change Dir: /udacity/ros/build/CMakeFiles/CMakeTmp

Run Build Command:"/usr/bin/make" "cmTC_ea293/fast"
/usr/bin/make -f CMakeFiles/cmTC_ea293.dir/build.make CMakeFiles/cmTC_ea293.dir/build
make[1]: Entering directory '/udacity/ros/build/CMakeFiles/CMakeTmp'
Building C object CMakeFiles/cmTC_ea293.dir/CheckFunctionExists.c.o
/usr/bin/cc    -DCHECK_FUNCTION_EXISTS=pthread_create   -o CMakeFiles/cmTC_ea293.dir/CheckFunctionExists.c.o   -c /usr/share/cmake-3.5/Modules/CheckFunctionExists.c
Linking C executable cmTC_ea293
/usr/bin/cmake -E cmake_link_script CMakeFiles/cmTC_ea293.dir/link.txt --verbose=1
/usr/bin/cc   -DCHECK_FUNCTION_EXISTS=pthread_create    CMakeFiles/cmTC_ea293.dir/CheckFunctionExists.c.o  -o cmTC_ea293 -rdynamic -lpthreads 
/usr/bin/ld: cannot find -lpthreads
collect2: error: ld returned 1 exit status
CMakeFiles/cmTC_ea293.dir/build.make:97: recipe for target 'cmTC_ea293' failed
make[1]: *** [cmTC_ea293] Error 1
make[1]: Leaving directory '/udacity/ros/build/CMakeFiles/CMakeTmp'
Makefile:126: recipe for target 'cmTC_ea293/fast' failed
make: *** [cmTC_ea293/fast] Error 2


